This is pdfTeX, Version 3.14159265-2.6-1.40.15 (TeX Live 2014) (preloaded format=pdflatex 2014.5.25)  15 APR 2015 12:00
entering extended mode
 restricted \write18 enabled.
 %&-line parsing enabled.
**problem_set_2_knitr_file_PRE_INEFF.tex
(./problem_set_2_knitr_file_PRE_INEFF.tex
LaTeX2e <2014/05/01>
Babel <3.9k> and hyphenation patterns for 78 languages loaded.
(/usr/local/texlive/2014/texmf-dist/tex/latex/base/article.cls
Document Class: article 2007/10/19 v1.4h Standard LaTeX document class
(/usr/local/texlive/2014/texmf-dist/tex/latex/base/size10.clo
File: size10.clo 2007/10/19 v1.4h Standard LaTeX file (size option)
)
\c@part=\count79
\c@section=\count80
\c@subsection=\count81
\c@subsubsection=\count82
\c@paragraph=\count83
\c@subparagraph=\count84
\c@figure=\count85
\c@table=\count86
\abovecaptionskip=\skip41
\belowcaptionskip=\skip42
\bibindent=\dimen102
)
(/usr/local/texlive/2014/texmf-dist/tex/latex/graphics/graphicx.sty
Package: graphicx 2014/04/25 v1.0g Enhanced LaTeX Graphics (DPC,SPQR)

(/usr/local/texlive/2014/texmf-dist/tex/latex/graphics/keyval.sty
Package: keyval 2014/05/08 v1.15 key=value parser (DPC)
\KV@toks@=\toks14
)
(/usr/local/texlive/2014/texmf-dist/tex/latex/graphics/graphics.sty
Package: graphics 2009/02/05 v1.0o Standard LaTeX Graphics (DPC,SPQR)

(/usr/local/texlive/2014/texmf-dist/tex/latex/graphics/trig.sty
Package: trig 1999/03/16 v1.09 sin cos tan (DPC)
)
(/usr/local/texlive/2014/texmf-dist/tex/latex/latexconfig/graphics.cfg
File: graphics.cfg 2010/04/23 v1.9 graphics configuration of TeX Live
)
Package graphics Info: Driver file: pdftex.def on input line 91.

(/usr/local/texlive/2014/texmf-dist/tex/latex/pdftex-def/pdftex.def
File: pdftex.def 2011/05/27 v0.06d Graphics/color for pdfTeX

(/usr/local/texlive/2014/texmf-dist/tex/generic/oberdiek/infwarerr.sty
Package: infwarerr 2010/04/08 v1.3 Providing info/warning/error messages (HO)
)
(/usr/local/texlive/2014/texmf-dist/tex/generic/oberdiek/ltxcmds.sty
Package: ltxcmds 2011/11/09 v1.22 LaTeX kernel commands for general use (HO)
)
\Gread@gobject=\count87
))
\Gin@req@height=\dimen103
\Gin@req@width=\dimen104
)
(/usr/local/texlive/2014/texmf-dist/tex/latex/graphics/color.sty
Package: color 2014/04/23 v1.1a Standard LaTeX Color (DPC)

(/usr/local/texlive/2014/texmf-dist/tex/latex/latexconfig/color.cfg
File: color.cfg 2007/01/18 v1.5 color configuration of teTeX/TeXLive
)
Package color Info: Driver file: pdftex.def on input line 137.
)
(/usr/local/texlive/2014/texmf-dist/tex/latex/framed/framed.sty
Package: framed 2011/10/22 v 0.96: framed or shaded text with page breaks
\OuterFrameSep=\skip43
\fb@frw=\dimen105
\fb@frh=\dimen106
\FrameRule=\dimen107
\FrameSep=\dimen108
)
(/usr/local/texlive/2014/texmf-dist/tex/latex/base/alltt.sty
Package: alltt 1997/06/16 v2.0g defines alltt environment
)
(/usr/local/texlive/2014/texmf-dist/tex/latex/natbib/natbib.sty
Package: natbib 2010/09/13 8.31b (PWD, AO)
\bibhang=\skip44
\bibsep=\skip45
LaTeX Info: Redefining \cite on input line 694.
\c@NAT@ctr=\count88
)
(/usr/local/texlive/2014/texmf-dist/tex/latex/upquote/upquote.sty
Package: upquote 2012/04/19 v1.3 upright-quote and grave-accent glyphs in verba
tim
)
(./problem_set_2_knitr_file_PRE_INEFF.aux)
\openout1 = `problem_set_2_knitr_file_PRE_INEFF.aux'.

LaTeX Font Info:    Checking defaults for OML/cmm/m/it on input line 60.
LaTeX Font Info:    ... okay on input line 60.
LaTeX Font Info:    Checking defaults for T1/cmr/m/n on input line 60.
LaTeX Font Info:    ... okay on input line 60.
LaTeX Font Info:    Checking defaults for OT1/cmr/m/n on input line 60.
LaTeX Font Info:    ... okay on input line 60.
LaTeX Font Info:    Checking defaults for OMS/cmsy/m/n on input line 60.
LaTeX Font Info:    ... okay on input line 60.
LaTeX Font Info:    Checking defaults for OMX/cmex/m/n on input line 60.
LaTeX Font Info:    ... okay on input line 60.
LaTeX Font Info:    Checking defaults for U/cmr/m/n on input line 60.
LaTeX Font Info:    ... okay on input line 60.

(/usr/local/texlive/2014/texmf-dist/tex/context/base/supp-pdf.mkii
[Loading MPS to PDF converter (version 2006.09.02).]
\scratchcounter=\count89
\scratchdimen=\dimen109
\scratchbox=\box26
\nofMPsegments=\count90
\nofMParguments=\count91
\everyMPshowfont=\toks15
\MPscratchCnt=\count92
\MPscratchDim=\dimen110
\MPnumerator=\count93
\makeMPintoPDFobject=\count94
\everyMPtoPDFconversion=\toks16
) (/usr/local/texlive/2014/texmf-dist/tex/generic/oberdiek/pdftexcmds.sty
Package: pdftexcmds 2011/11/29 v0.20 Utility functions of pdfTeX for LuaTeX (HO
)

(/usr/local/texlive/2014/texmf-dist/tex/generic/oberdiek/ifluatex.sty
Package: ifluatex 2010/03/01 v1.3 Provides the ifluatex switch (HO)
Package ifluatex Info: LuaTeX not detected.
)
(/usr/local/texlive/2014/texmf-dist/tex/generic/oberdiek/ifpdf.sty
Package: ifpdf 2011/01/30 v2.3 Provides the ifpdf switch (HO)
Package ifpdf Info: pdfTeX in PDF mode is detected.
)
Package pdftexcmds Info: LuaTeX not detected.
Package pdftexcmds Info: \pdf@primitive is available.
Package pdftexcmds Info: \pdf@ifprimitive is available.
Package pdftexcmds Info: \pdfdraftmode found.
)
(/usr/local/texlive/2014/texmf-dist/tex/latex/oberdiek/epstopdf-base.sty
Package: epstopdf-base 2010/02/09 v2.5 Base part for package epstopdf

(/usr/local/texlive/2014/texmf-dist/tex/latex/oberdiek/grfext.sty
Package: grfext 2010/08/19 v1.1 Manage graphics extensions (HO)

(/usr/local/texlive/2014/texmf-dist/tex/generic/oberdiek/kvdefinekeys.sty
Package: kvdefinekeys 2011/04/07 v1.3 Define keys (HO)
))
(/usr/local/texlive/2014/texmf-dist/tex/latex/oberdiek/kvoptions.sty
Package: kvoptions 2011/06/30 v3.11 Key value format for package options (HO)

(/usr/local/texlive/2014/texmf-dist/tex/generic/oberdiek/kvsetkeys.sty
Package: kvsetkeys 2012/04/25 v1.16 Key value parser (HO)

(/usr/local/texlive/2014/texmf-dist/tex/generic/oberdiek/etexcmds.sty
Package: etexcmds 2011/02/16 v1.5 Avoid name clashes with e-TeX commands (HO)
Package etexcmds Info: Could not find \expanded.
(etexcmds)             That can mean that you are not using pdfTeX 1.50 or
(etexcmds)             that some package has redefined \expanded.
(etexcmds)             In the latter case, load this package earlier.
)))
Package grfext Info: Graphics extension search list:
(grfext)             [.png,.pdf,.jpg,.mps,.jpeg,.jbig2,.jb2,.PNG,.PDF,.JPG,.JPE
G,.JBIG2,.JB2,.eps]
(grfext)             \AppendGraphicsExtensions on input line 452.

(/usr/local/texlive/2014/texmf-dist/tex/latex/latexconfig/epstopdf-sys.cfg
File: epstopdf-sys.cfg 2010/07/13 v1.3 Configuration of (r)epstopdf for TeX Liv
e
))
LaTeX Font Info:    External font `cmex10' loaded for size
(Font)              <12> on input line 61.
LaTeX Font Info:    External font `cmex10' loaded for size
(Font)              <8> on input line 61.
LaTeX Font Info:    External font `cmex10' loaded for size
(Font)              <6> on input line 61.
Package color Info: Redefining color shadecolor on input line 66.
LaTeX Font Info:    Font shape `OT1/cmtt/bx/n' in size <10> not available
(Font)              Font shape `OT1/cmtt/m/n' tried instead on input line 68.
LaTeX Font Info:    Try loading font information for OMS+cmtt on input line 85.


(/Library/Frameworks/R.framework/Resources/share/texmf/tex/latex/omscmtt.fd
File: omscmtt.fd 
)
LaTeX Font Info:    Font shape `OMS/cmtt/m/n' in size <10> not available
(Font)              Font shape `OMS/cmsy/m/n' tried instead on input line 85.

Overfull \hbox (6.74693pt too wide) in paragraph at lines 98--98
[]    []\OT1/cmtt/m/n/10 lftrghtdstance[] []=[] []abs[][](neighbor_longitude[] 
[]-[] []individual_longitude)[][] 
 []

[1

{/usr/local/texlive/2014/texmf-var/fonts/map/pdftex/updmap/pdftex.map}]
Package color Info: Redefining color shadecolor on input line 130.

Overfull \hbox (200.99524pt too wide) in paragraph at lines 160--160
[][]\OT1/cmtt/m/n/10 colnames[][](testRacialPreferenceTable)[] []<-[] []c[][]([
][]"Color"[][],[] []"Value"[][],[] []"Pop."[][],[] []"Test Pool Size"[][],[] []
"Racial Threshold"[][])[][] 
 []


Overfull \hbox (132.4959pt too wide) in paragraph at lines 183--183
[][]\OT1/cmtt/m/n/10 Schelling[] []<-[] []function[][]([][]racialPreferenceTabl
e[] []= testRacialPreferenceTable,[] []cyclemax[] []= testv)\OMS/cmsy/m/n/10 f[
][] 
 []


Overfull \hbox (3.2331pt too wide) in paragraph at lines 195--195
[]    []\OT1/cmtt/m/it/10 ## Create vector with point coordinates, labeling poi
nt as red[][] 
 []


Overfull \hbox (43.49661pt too wide) in paragraph at lines 230--230
[]  []\OT1/cmtt/m/n/10 LocationTable[] []<-[] []cbind[][](Count, LocationTable,
 Happy, Testpool, Threshold)[][] 
 []


Overfull \hbox (652.4913pt too wide) in paragraph at lines 234--234
[]  []\OT1/cmtt/m/n/10 p[] []<-[] []qplot[][]([][]x[] []= LocationTable[,[][]3[
][]],[] []y[] []= LocationTable [,[][]4[][]],[] []col[] []=[] []ifelse[][](Loca
tionTable[,[][]2[][]][] []< -[][]0.5[][],[] []"red"[][],[] []ifelse[][](Locatio
nTable[,[][]2[][]][] []<[] []0.5[][],[] []"green"[][],[] []"blue"[][])))[] []+[
] []theme[][]([][]legend.position[] []=[] []"none"[][])[][] 
 []


Overfull \hbox (34.73282pt too wide) in paragraph at lines 292--292
[]  []\OT1/cmtt/m/it/10 #Finding max testpool value so we can create neighborli
st outside loop[][] 
 []


Overfull \hbox (27.74675pt too wide) in paragraph at lines 300--300
[]  []\OT1/cmtt/m/n/10 neighborList[] []<-[] []get.knn[][]([][]data[] []= justX
Ytable,[] []k[] []= maxtestnumb)[][]$[][]nn.index[][] 
 []


Overfull \hbox (17.24684pt too wide) in paragraph at lines 326--326
[]         []\OT1/cmtt/m/n/10 neighborList[] []<-[] []neighborList[,[][]1[][]:[
][]LocationTable[individual,[][]6[][]]][][] 
 []


Overfull \hbox (13.733pt too wide) in paragraph at lines 327--327
[]         []\OT1/cmtt/m/it/10 ##Get rid of extraneous neighbors who are ranked
 lower than[][] 
 []


Overfull \hbox (22.4968pt too wide) in paragraph at lines 340--340
[]        []\OT1/cmtt/m/it/10 ## Initialize number of neighbors individual is u
nhappy with  [][] 
 []


Overfull \hbox (95.74622pt too wide) in paragraph at lines 342--342
[]           []\OT1/cmtt/m/n/10 while[] []((bad_neighbors[] []+[] []good_neighb
ors)[] []<[] [](LocationTable[individual,[][]6[][]]))\OMS/cmsy/m/n/10 f[][] 
 []


Overfull \hbox (106.24612pt too wide) in paragraph at lines 347--347
[]               []\OT1/cmtt/m/n/10 if[] []((good_neighbors[] []+[] []bad_neigh
bors)[] []==[] [](LocationTable[individual,[][]6[][]]))\OMS/cmsy/m/n/10 f[][] 
 []


Overfull \hbox (85.49625pt too wide) in paragraph at lines 349--349
[]                 []\OT1/cmtt/m/n/10 LoopUnhappyLocationTable[] []=[] []LoopUn
happyLocationTable[[][]-[][]individual,][][] 
 []


Overfull \hbox (29.48286pt too wide) in paragraph at lines 357--357
[]               []\OT1/cmtt/m/it/10 ## If a neighbor^^Ms race is different fro
m individual^^Ms, [][] 
 []


Overfull \hbox (11.74695pt too wide) in paragraph at lines 360--360
[]                 []\OT1/cmtt/m/n/10 if[] [](bad_neighbors[] []>[] [](Location
Table[individual,[][]7[][]]))\OMS/cmsy/m/n/10 f[][] 
 []


Overfull \hbox (24.23291pt too wide) in paragraph at lines 361--361
[]                 []\OT1/cmtt/m/it/10 ##If the number of bad neighbors exceeds
 threshold...[][] 
 []


Overfull \hbox (1.49698pt too wide) in paragraph at lines 368--368
[]                   []\OT1/cmtt/m/n/10 LoopUnhappyLocationTable[individual,[][
]3[][]][] []<-[] []new_x[][] 
 []


Overfull \hbox (1.49698pt too wide) in paragraph at lines 369--369
[]                   []\OT1/cmtt/m/n/10 LoopUnhappyLocationTable[individual,[][
]4[][]][] []<-[] []new_y[][] 
 []


Overfull \hbox (657.74126pt too wide) in paragraph at lines 377--377
[]   []\OT1/cmtt/m/n/10 p[] []<-[] []qplot[][]([][]x[] []= LocationTable[,[][]3
[][]],[] []y[] []= LocationTable [,[][]4[][]],[] []col[] []=[] []ifelse[][](Loc
ationTable[,[][]2[][]][] []< -[][]0.5[][],[] []"red"[][],[] []ifelse[][](Locati
onTable[,[][]2[][]][] []<[] []0.5[][],[] []"green"[][],[] []"blue"[][])))[] []+
[] []theme[][]([][]legend.position[] []=[] []"none"[][])[][] 
 []

[2] [3]
Underfull \vbox (badness 10000) detected at line 391
 []


Underfull \vbox (badness 10000) detected at line 391
 []

[4]
Underfull \vbox (badness 10000) detected at line 391
 []


Underfull \vbox (badness 10000) detected at line 391
 []

[5]
Underfull \vbox (badness 10000) detected at line 391
 []


Underfull \vbox (badness 10000) detected at line 391
 []

[6]
Underfull \vbox (badness 10000) detected at line 391
 []


Underfull \vbox (badness 10000) detected at line 391
 []

[7] <figure/unnamed-chunk-2-1.pdf, id=32, 505.89pt x 505.89pt>
File: figure/unnamed-chunk-2-1.pdf Graphic file (type pdf)

<use figure/unnamed-chunk-2-1.pdf>
Package pdftex.def Info: figure/unnamed-chunk-2-1.pdf used on input line 392.
(pdftex.def)             Requested size: 345.0pt x 345.00414pt.

Overfull \hbox (15.0pt too wide) in paragraph at lines 392--393
[][] 
 []

[8 <./figure/unnamed-chunk-2-1.pdf>]
Underfull \vbox (badness 10000) detected at line 697
 []


Underfull \vbox (badness 10000) detected at line 697
 []

[9]
Underfull \vbox (badness 10000) detected at line 697
 []


Underfull \vbox (badness 10000) detected at line 697
 []

[10]
Underfull \vbox (badness 10000) detected at line 697
 []


Underfull \vbox (badness 10000) detected at line 697
 []

[11]
Underfull \vbox (badness 10000) detected at line 697
 []


Underfull \vbox (badness 10000) detected at line 697
 []

[12]
Underfull \vbox (badness 10000) detected at line 697
 []


Underfull \vbox (badness 10000) detected at line 697
 []

[13]
Underfull \vbox (badness 10000) detected at line 697
 []


Underfull \vbox (badness 10000) detected at line 697
 []

[14] <figure/unnamed-chunk-2-2.pdf, id=60, 505.89pt x 505.89pt>
File: figure/unnamed-chunk-2-2.pdf Graphic file (type pdf)

<use figure/unnamed-chunk-2-2.pdf>
Package pdftex.def Info: figure/unnamed-chunk-2-2.pdf used on input line 698.
(pdftex.def)             Requested size: 345.0pt x 345.00414pt.

Overfull \hbox (15.0pt too wide) in paragraph at lines 698--699
[][] 
 []

<figure/unnamed-chunk-2-3.pdf, id=61, 505.89pt x 505.89pt> [15]
File: figure/unnamed-chunk-2-3.pdf Graphic file (type pdf)

<use figure/unnamed-chunk-2-3.pdf>
Package pdftex.def Info: figure/unnamed-chunk-2-3.pdf used on input line 700.
(pdftex.def)             Requested size: 345.0pt x 345.00414pt.

Overfull \hbox (15.0pt too wide) in paragraph at lines 700--701
[][] 
 []

<figure/unnamed-chunk-2-4.pdf, id=65, 505.89pt x 505.89pt> [16 <./figure/unname
d-chunk-2-2.pdf>]
File: figure/unnamed-chunk-2-4.pdf Graphic file (type pdf)
 <use figure/unnamed-chunk-2-4.pdf>
Package pdftex.def Info: figure/unnamed-chunk-2-4.pdf used on input line 702.
(pdftex.def)             Requested size: 345.0pt x 345.00414pt.

Overfull \hbox (15.0pt too wide) in paragraph at lines 702--703
[][] 
 []

<figure/unnamed-chunk-2-5.pdf, id=74, 505.89pt x 505.89pt> [17 <./figure/unname
d-chunk-2-3.pdf>]
File: figure/unnamed-chunk-2-5.pdf Graphic file (type pdf)
 <use figure/unnamed-chunk-2-5.pdf>
Package pdftex.def Info: figure/unnamed-chunk-2-5.pdf used on input line 704.
(pdftex.def)             Requested size: 345.0pt x 345.00414pt.

Overfull \hbox (15.0pt too wide) in paragraph at lines 704--705
[][] 
 []

<figure/unnamed-chunk-2-6.pdf, id=83, 505.89pt x 505.89pt> [18 <./figure/unname
d-chunk-2-4.pdf>]
File: figure/unnamed-chunk-2-6.pdf Graphic file (type pdf)
 <use figure/unnamed-chunk-2-6.pdf>
Package pdftex.def Info: figure/unnamed-chunk-2-6.pdf used on input line 706.
(pdftex.def)             Requested size: 345.0pt x 345.00414pt.

Overfull \hbox (15.0pt too wide) in paragraph at lines 706--707
[][] 
 []

<figure/unnamed-chunk-2-7.pdf, id=92, 505.89pt x 505.89pt> [19 <./figure/unname
d-chunk-2-5.pdf>]
File: figure/unnamed-chunk-2-7.pdf Graphic file (type pdf)
 <use figure/unnamed-chunk-2-7.pdf>
Package pdftex.def Info: figure/unnamed-chunk-2-7.pdf used on input line 708.
(pdftex.def)             Requested size: 345.0pt x 345.00414pt.

Overfull \hbox (15.0pt too wide) in paragraph at lines 708--709
[][] 
 []

<figure/unnamed-chunk-2-8.pdf, id=102, 505.89pt x 505.89pt> [20 <./figure/unnam
ed-chunk-2-6.pdf>]
File: figure/unnamed-chunk-2-8.pdf Graphic file (type pdf)
 <use figure/unnamed-chunk-2-8.pdf>
Package pdftex.def Info: figure/unnamed-chunk-2-8.pdf used on input line 710.
(pdftex.def)             Requested size: 345.0pt x 345.00414pt.

Overfull \hbox (15.0pt too wide) in paragraph at lines 710--711
[][] 
 []

<figure/unnamed-chunk-2-9.pdf, id=111, 505.89pt x 505.89pt> [21 <./figure/unnam
ed-chunk-2-7.pdf>]
File: figure/unnamed-chunk-2-9.pdf Graphic file (type pdf)
 <use figure/unnamed-chunk-2-9.pdf>
Package pdftex.def Info: figure/unnamed-chunk-2-9.pdf used on input line 712.
(pdftex.def)             Requested size: 345.0pt x 345.00414pt.

Overfull \hbox (15.0pt too wide) in paragraph at lines 712--713
[][] 
 []

<figure/unnamed-chunk-2-10.pdf, id=120, 505.89pt x 505.89pt> [22 <./figure/unna
med-chunk-2-8.pdf>]
File: figure/unnamed-chunk-2-10.pdf Graphic file (type pdf)
 <use figure/unnamed-chunk-2-10.pdf>
Package pdftex.def Info: figure/unnamed-chunk-2-10.pdf used on input line 714.
(pdftex.def)             Requested size: 345.0pt x 345.00414pt.

Overfull \hbox (15.0pt too wide) in paragraph at lines 714--715
[][] 
 []

<figure/unnamed-chunk-2-11.pdf, id=129, 505.89pt x 505.89pt> [23 <./figure/unna
med-chunk-2-9.pdf>]
File: figure/unnamed-chunk-2-11.pdf Graphic file (type pdf)
 <use figure/unnamed-chunk-2-11.pdf>
Package pdftex.def Info: figure/unnamed-chunk-2-11.pdf used on input line 716.
(pdftex.def)             Requested size: 345.0pt x 345.00414pt.

Overfull \hbox (15.0pt too wide) in paragraph at lines 716--717
[][] 
 []

<figure/unnamed-chunk-2-12.pdf, id=138, 505.89pt x 505.89pt> [24 <./figure/unna
med-chunk-2-10.pdf>]
File: figure/unnamed-chunk-2-12.pdf Graphic file (type pdf)
 <use figure/unnamed-chunk-2-12.pdf>
Package pdftex.def Info: figure/unnamed-chunk-2-12.pdf used on input line 718.
(pdftex.def)             Requested size: 345.0pt x 345.00414pt.

Overfull \hbox (15.0pt too wide) in paragraph at lines 718--719
[][] 
 []

<figure/unnamed-chunk-2-13.pdf, id=147, 505.89pt x 505.89pt> [25 <./figure/unna
med-chunk-2-11.pdf>]
File: figure/unnamed-chunk-2-13.pdf Graphic file (type pdf)
 <use figure/unnamed-chunk-2-13.pdf>
Package pdftex.def Info: figure/unnamed-chunk-2-13.pdf used on input line 720.
(pdftex.def)             Requested size: 345.0pt x 345.00414pt.

Overfull \hbox (15.0pt too wide) in paragraph at lines 720--721
[][] 
 []

<figure/unnamed-chunk-2-14.pdf, id=157, 505.89pt x 505.89pt> [26 <./figure/unna
med-chunk-2-12.pdf>]
File: figure/unnamed-chunk-2-14.pdf Graphic file (type pdf)
 <use figure/unnamed-chunk-2-14.pdf>
Package pdftex.def Info: figure/unnamed-chunk-2-14.pdf used on input line 722.
(pdftex.def)             Requested size: 345.0pt x 345.00414pt.

Overfull \hbox (15.0pt too wide) in paragraph at lines 722--723
[][] 
 []

<figure/unnamed-chunk-2-15.pdf, id=166, 505.89pt x 505.89pt> [27 <./figure/unna
med-chunk-2-13.pdf>]
File: figure/unnamed-chunk-2-15.pdf Graphic file (type pdf)
 <use figure/unnamed-chunk-2-15.pdf>
Package pdftex.def Info: figure/unnamed-chunk-2-15.pdf used on input line 724.
(pdftex.def)             Requested size: 345.0pt x 345.00414pt.

Overfull \hbox (15.0pt too wide) in paragraph at lines 724--725
[][] 
 []

<figure/unnamed-chunk-2-16.pdf, id=176, 505.89pt x 505.89pt> [28 <./figure/unna
med-chunk-2-14.pdf>]
File: figure/unnamed-chunk-2-16.pdf Graphic file (type pdf)
 <use figure/unnamed-chunk-2-16.pdf>
Package pdftex.def Info: figure/unnamed-chunk-2-16.pdf used on input line 726.
(pdftex.def)             Requested size: 345.0pt x 345.00414pt.

Overfull \hbox (15.0pt too wide) in paragraph at lines 726--727
[][] 
 []

<figure/unnamed-chunk-2-17.pdf, id=185, 505.89pt x 505.89pt> [29 <./figure/unna
med-chunk-2-15.pdf>]
File: figure/unnamed-chunk-2-17.pdf Graphic file (type pdf)
 <use figure/unnamed-chunk-2-17.pdf>
Package pdftex.def Info: figure/unnamed-chunk-2-17.pdf used on input line 728.
(pdftex.def)             Requested size: 345.0pt x 345.00414pt.

Overfull \hbox (15.0pt too wide) in paragraph at lines 728--729
[][] 
 []

<figure/unnamed-chunk-2-18.pdf, id=194, 505.89pt x 505.89pt> [30 <./figure/unna
med-chunk-2-16.pdf>]
File: figure/unnamed-chunk-2-18.pdf Graphic file (type pdf)
 <use figure/unnamed-chunk-2-18.pdf>
Package pdftex.def Info: figure/unnamed-chunk-2-18.pdf used on input line 730.
(pdftex.def)             Requested size: 345.0pt x 345.00414pt.

Overfull \hbox (15.0pt too wide) in paragraph at lines 730--731
[][] 
 []

<figure/unnamed-chunk-2-19.pdf, id=203, 505.89pt x 505.89pt> [31 <./figure/unna
med-chunk-2-17.pdf>]
File: figure/unnamed-chunk-2-19.pdf Graphic file (type pdf)
 <use figure/unnamed-chunk-2-19.pdf>
Package pdftex.def Info: figure/unnamed-chunk-2-19.pdf used on input line 732.
(pdftex.def)             Requested size: 345.0pt x 345.00414pt.

Overfull \hbox (15.0pt too wide) in paragraph at lines 732--733
[][] 
 []

<figure/unnamed-chunk-2-20.pdf, id=213, 505.89pt x 505.89pt> [32 <./figure/unna
med-chunk-2-18.pdf>]
File: figure/unnamed-chunk-2-20.pdf Graphic file (type pdf)
 <use figure/unnamed-chunk-2-20.pdf>
Package pdftex.def Info: figure/unnamed-chunk-2-20.pdf used on input line 734.
(pdftex.def)             Requested size: 345.0pt x 345.00414pt.

Overfull \hbox (15.0pt too wide) in paragraph at lines 734--735
[][] 
 []

<figure/unnamed-chunk-2-21.pdf, id=222, 505.89pt x 505.89pt> [33 <./figure/unna
med-chunk-2-19.pdf>]
File: figure/unnamed-chunk-2-21.pdf Graphic file (type pdf)
 <use figure/unnamed-chunk-2-21.pdf>
Package pdftex.def Info: figure/unnamed-chunk-2-21.pdf used on input line 736.
(pdftex.def)             Requested size: 345.0pt x 345.00414pt.

Overfull \hbox (15.0pt too wide) in paragraph at lines 736--737
[][] 
 []

[34 <./figure/unnamed-chunk-2-20.pdf>] [35 <./figure/unnamed-chunk-2-21.pdf>]
(./problem_set_2_knitr_file_PRE_INEFF.aux) ) 
Here is how much of TeX's memory you used:
 2086 strings out of 493117
 31446 string characters out of 6135433
 189846 words of memory out of 5000000
 5511 multiletter control sequences out of 15000+600000
 7923 words of font info for 29 fonts, out of 8000000 for 9000
 1141 hyphenation exceptions out of 8191
 38i,6n,25p,577b,284s stack positions out of 5000i,500n,10000p,200000b,80000s
</usr/local/texlive/2014/texmf-dist
/fonts/type1/public/amsfonts/cm/cmbx12.pfb></usr/local/texlive/2014/texmf-dist/
fonts/type1/public/amsfonts/cm/cmitt10.pfb></usr/local/texlive/2014/texmf-dist/
fonts/type1/public/amsfonts/cm/cmr10.pfb></usr/local/texlive/2014/texmf-dist/fo
nts/type1/public/amsfonts/cm/cmr12.pfb></usr/local/texlive/2014/texmf-dist/font
s/type1/public/amsfonts/cm/cmr17.pfb></usr/local/texlive/2014/texmf-dist/fonts/
type1/public/amsfonts/cm/cmsy10.pfb></usr/local/texlive/2014/texmf-dist/fonts/t
ype1/public/amsfonts/cm/cmtt10.pfb>
Output written on problem_set_2_knitr_file_PRE_INEFF.pdf (35 pages, 376611 byte
s).
PDF statistics:
 271 PDF objects out of 1000 (max. 8388607)
 183 compressed objects within 2 object streams
 0 named destinations out of 1000 (max. 500000)
 106 words of extra memory for PDF output out of 10000 (max. 10000000)

