This is pdfTeX, Version 3.14159265-2.6-1.40.15 (TeX Live 2014) (preloaded format=pdflatex 2014.5.25)  30 APR 2015 03:19
entering extended mode
 restricted \write18 enabled.
 %&-line parsing enabled.
**Problem_Set_4_Beginnings.tex
(./Problem_Set_4_Beginnings.tex
LaTeX2e <2014/05/01>
Babel <3.9k> and hyphenation patterns for 78 languages loaded.
(/usr/local/texlive/2014/texmf-dist/tex/latex/base/article.cls
Document Class: article 2007/10/19 v1.4h Standard LaTeX document class
(/usr/local/texlive/2014/texmf-dist/tex/latex/base/size10.clo
File: size10.clo 2007/10/19 v1.4h Standard LaTeX file (size option)
)
\c@part=\count79
\c@section=\count80
\c@subsection=\count81
\c@subsubsection=\count82
\c@paragraph=\count83
\c@subparagraph=\count84
\c@figure=\count85
\c@table=\count86
\abovecaptionskip=\skip41
\belowcaptionskip=\skip42
\bibindent=\dimen102
)
(/usr/local/texlive/2014/texmf-dist/tex/latex/graphics/graphicx.sty
Package: graphicx 2014/04/25 v1.0g Enhanced LaTeX Graphics (DPC,SPQR)

(/usr/local/texlive/2014/texmf-dist/tex/latex/graphics/keyval.sty
Package: keyval 2014/05/08 v1.15 key=value parser (DPC)
\KV@toks@=\toks14
)
(/usr/local/texlive/2014/texmf-dist/tex/latex/graphics/graphics.sty
Package: graphics 2009/02/05 v1.0o Standard LaTeX Graphics (DPC,SPQR)

(/usr/local/texlive/2014/texmf-dist/tex/latex/graphics/trig.sty
Package: trig 1999/03/16 v1.09 sin cos tan (DPC)
)
(/usr/local/texlive/2014/texmf-dist/tex/latex/latexconfig/graphics.cfg
File: graphics.cfg 2010/04/23 v1.9 graphics configuration of TeX Live
)
Package graphics Info: Driver file: pdftex.def on input line 91.

(/usr/local/texlive/2014/texmf-dist/tex/latex/pdftex-def/pdftex.def
File: pdftex.def 2011/05/27 v0.06d Graphics/color for pdfTeX

(/usr/local/texlive/2014/texmf-dist/tex/generic/oberdiek/infwarerr.sty
Package: infwarerr 2010/04/08 v1.3 Providing info/warning/error messages (HO)
)
(/usr/local/texlive/2014/texmf-dist/tex/generic/oberdiek/ltxcmds.sty
Package: ltxcmds 2011/11/09 v1.22 LaTeX kernel commands for general use (HO)
)
\Gread@gobject=\count87
))
\Gin@req@height=\dimen103
\Gin@req@width=\dimen104
)
(/usr/local/texlive/2014/texmf-dist/tex/latex/graphics/color.sty
Package: color 2014/04/23 v1.1a Standard LaTeX Color (DPC)

(/usr/local/texlive/2014/texmf-dist/tex/latex/latexconfig/color.cfg
File: color.cfg 2007/01/18 v1.5 color configuration of teTeX/TeXLive
)
Package color Info: Driver file: pdftex.def on input line 137.
)
(/usr/local/texlive/2014/texmf-dist/tex/latex/framed/framed.sty
Package: framed 2011/10/22 v 0.96: framed or shaded text with page breaks
\OuterFrameSep=\skip43
\fb@frw=\dimen105
\fb@frh=\dimen106
\FrameRule=\dimen107
\FrameSep=\dimen108
)
(/usr/local/texlive/2014/texmf-dist/tex/latex/base/alltt.sty
Package: alltt 1997/06/16 v2.0g defines alltt environment
)
(/Users/Tony/Library/texmf/tex/latex/mathtools/mathtools.sty
Package: mathtools 2014/07/16 v1.15 mathematical typesetting tools

(/usr/local/texlive/2014/texmf-dist/tex/latex/tools/calc.sty
Package: calc 2007/08/22 v4.3 Infix arithmetic (KKT,FJ)
\calc@Acount=\count88
\calc@Bcount=\count89
\calc@Adimen=\dimen109
\calc@Bdimen=\dimen110
\calc@Askip=\skip44
\calc@Bskip=\skip45
LaTeX Info: Redefining \setlength on input line 75.
LaTeX Info: Redefining \addtolength on input line 76.
\calc@Ccount=\count90
\calc@Cskip=\skip46
)
(/Users/Tony/Library/texmf/tex/latex/mathtools/mhsetup.sty
Package: mhsetup 2010/01/21 v1.2a programming setup (MH)
)
(/usr/local/texlive/2014/texmf-dist/tex/latex/amsmath/amsmath.sty
Package: amsmath 2013/01/14 v2.14 AMS math features
\@mathmargin=\skip47

For additional information on amsmath, use the `?' option.
(/usr/local/texlive/2014/texmf-dist/tex/latex/amsmath/amstext.sty
Package: amstext 2000/06/29 v2.01

(/usr/local/texlive/2014/texmf-dist/tex/latex/amsmath/amsgen.sty
File: amsgen.sty 1999/11/30 v2.0
\@emptytoks=\toks15
\ex@=\dimen111
))
(/usr/local/texlive/2014/texmf-dist/tex/latex/amsmath/amsbsy.sty
Package: amsbsy 1999/11/29 v1.2d
\pmbraise@=\dimen112
)
(/usr/local/texlive/2014/texmf-dist/tex/latex/amsmath/amsopn.sty
Package: amsopn 1999/12/14 v2.01 operator names
)
\inf@bad=\count91
LaTeX Info: Redefining \frac on input line 210.
\uproot@=\count92
\leftroot@=\count93
LaTeX Info: Redefining \overline on input line 306.
\classnum@=\count94
\DOTSCASE@=\count95
LaTeX Info: Redefining \ldots on input line 378.
LaTeX Info: Redefining \dots on input line 381.
LaTeX Info: Redefining \cdots on input line 466.
\Mathstrutbox@=\box26
\strutbox@=\box27
\big@size=\dimen113
LaTeX Font Info:    Redeclaring font encoding OML on input line 566.
LaTeX Font Info:    Redeclaring font encoding OMS on input line 567.
\macc@depth=\count96
\c@MaxMatrixCols=\count97
\dotsspace@=\muskip10
\c@parentequation=\count98
\dspbrk@lvl=\count99
\tag@help=\toks16
\row@=\count100
\column@=\count101
\maxfields@=\count102
\andhelp@=\toks17
\eqnshift@=\dimen114
\alignsep@=\dimen115
\tagshift@=\dimen116
\tagwidth@=\dimen117
\totwidth@=\dimen118
\lineht@=\dimen119
\@envbody=\toks18
\multlinegap=\skip48
\multlinetaggap=\skip49
\mathdisplay@stack=\toks19
LaTeX Info: Redefining \[ on input line 2665.
LaTeX Info: Redefining \] on input line 2666.
)
LaTeX Info: Thecontrolsequence`\['isalreadyrobust on input line 129.
LaTeX Info: Thecontrolsequence`\]'isalreadyrobust on input line 129.
\g_MT_multlinerow_int=\count103
\l_MT_multwidth_dim=\dimen120
\origjot=\skip50
\l_MT_shortvdotswithinadjustabove_dim=\dimen121
\l_MT_shortvdotswithinadjustbelow_dim=\dimen122
\l_MT_above_intertext_sep=\dimen123
\l_MT_below_intertext_sep=\dimen124
\l_MT_above_shortintertext_sep=\dimen125
\l_MT_below_shortintertext_sep=\dimen126
)
(/usr/local/texlive/2014/texmf-dist/tex/latex/upquote/upquote.sty
Package: upquote 2012/04/19 v1.3 upright-quote and grave-accent glyphs in verba
tim
)
(./Problem_Set_4_Beginnings.aux)
\openout1 = `Problem_Set_4_Beginnings.aux'.

LaTeX Font Info:    Checking defaults for OML/cmm/m/it on input line 59.
LaTeX Font Info:    ... okay on input line 59.
LaTeX Font Info:    Checking defaults for T1/cmr/m/n on input line 59.
LaTeX Font Info:    ... okay on input line 59.
LaTeX Font Info:    Checking defaults for OT1/cmr/m/n on input line 59.
LaTeX Font Info:    ... okay on input line 59.
LaTeX Font Info:    Checking defaults for OMS/cmsy/m/n on input line 59.
LaTeX Font Info:    ... okay on input line 59.
LaTeX Font Info:    Checking defaults for OMX/cmex/m/n on input line 59.
LaTeX Font Info:    ... okay on input line 59.
LaTeX Font Info:    Checking defaults for U/cmr/m/n on input line 59.
LaTeX Font Info:    ... okay on input line 59.

(/usr/local/texlive/2014/texmf-dist/tex/context/base/supp-pdf.mkii
[Loading MPS to PDF converter (version 2006.09.02).]
\scratchcounter=\count104
\scratchdimen=\dimen127
\scratchbox=\box28
\nofMPsegments=\count105
\nofMParguments=\count106
\everyMPshowfont=\toks20
\MPscratchCnt=\count107
\MPscratchDim=\dimen128
\MPnumerator=\count108
\makeMPintoPDFobject=\count109
\everyMPtoPDFconversion=\toks21
) (/usr/local/texlive/2014/texmf-dist/tex/generic/oberdiek/pdftexcmds.sty
Package: pdftexcmds 2011/11/29 v0.20 Utility functions of pdfTeX for LuaTeX (HO
)

(/usr/local/texlive/2014/texmf-dist/tex/generic/oberdiek/ifluatex.sty
Package: ifluatex 2010/03/01 v1.3 Provides the ifluatex switch (HO)
Package ifluatex Info: LuaTeX not detected.
)
(/usr/local/texlive/2014/texmf-dist/tex/generic/oberdiek/ifpdf.sty
Package: ifpdf 2011/01/30 v2.3 Provides the ifpdf switch (HO)
Package ifpdf Info: pdfTeX in PDF mode is detected.
)
Package pdftexcmds Info: LuaTeX not detected.
Package pdftexcmds Info: \pdf@primitive is available.
Package pdftexcmds Info: \pdf@ifprimitive is available.
Package pdftexcmds Info: \pdfdraftmode found.
)
(/usr/local/texlive/2014/texmf-dist/tex/latex/oberdiek/epstopdf-base.sty
Package: epstopdf-base 2010/02/09 v2.5 Base part for package epstopdf

(/usr/local/texlive/2014/texmf-dist/tex/latex/oberdiek/grfext.sty
Package: grfext 2010/08/19 v1.1 Manage graphics extensions (HO)

(/usr/local/texlive/2014/texmf-dist/tex/generic/oberdiek/kvdefinekeys.sty
Package: kvdefinekeys 2011/04/07 v1.3 Define keys (HO)
))
(/usr/local/texlive/2014/texmf-dist/tex/latex/oberdiek/kvoptions.sty
Package: kvoptions 2011/06/30 v3.11 Key value format for package options (HO)

(/usr/local/texlive/2014/texmf-dist/tex/generic/oberdiek/kvsetkeys.sty
Package: kvsetkeys 2012/04/25 v1.16 Key value parser (HO)

(/usr/local/texlive/2014/texmf-dist/tex/generic/oberdiek/etexcmds.sty
Package: etexcmds 2011/02/16 v1.5 Avoid name clashes with e-TeX commands (HO)
Package etexcmds Info: Could not find \expanded.
(etexcmds)             That can mean that you are not using pdfTeX 1.50 or
(etexcmds)             that some package has redefined \expanded.
(etexcmds)             In the latter case, load this package earlier.
)))
Package grfext Info: Graphics extension search list:
(grfext)             [.png,.pdf,.jpg,.mps,.jpeg,.jbig2,.jb2,.PNG,.PDF,.JPG,.JPE
G,.JBIG2,.JB2,.eps]
(grfext)             \AppendGraphicsExtensions on input line 452.

(/usr/local/texlive/2014/texmf-dist/tex/latex/latexconfig/epstopdf-sys.cfg
File: epstopdf-sys.cfg 2010/07/13 v1.3 Configuration of (r)epstopdf for TeX Liv
e
))
Package color Info: Redefining color shadecolor on input line 65.
LaTeX Font Info:    Font shape `OT1/cmtt/bx/n' in size <10> not available
(Font)              Font shape `OT1/cmtt/m/n' tried instead on input line 67.

Overfull \hbox (11.99689pt too wide) in paragraph at lines 84--84
\OT1/cmtt/m/it/10 ##  Hlavac, Marek (2014). stargazer: LaTeX code and ASCII tex
t for
 []


Overfull \hbox (27.74675pt too wide) in paragraph at lines 84--84
\OT1/cmtt/m/it/10 ##  R package version 5.1. http://CRAN.R-project.org/package=
stargazer[] 
 []

LaTeX Font Info:    Try loading font information for OMS+cmtt on input line 98.

(/Library/Frameworks/R.framework/Resources/share/texmf/tex/latex/omscmtt.fd
File: omscmtt.fd 
)
LaTeX Font Info:    Font shape `OMS/cmtt/m/n' in size <10> not available
(Font)              Font shape `OMS/cmsy/m/n' tried instead on input line 98.

Overfull \hbox (27.74675pt too wide) in paragraph at lines 172--172
[]\OT1/cmtt/m/n/10 ##       YEAR REGION AGE SEX RACE EDUC99 EMPSTAT HRSWORK INC
WAGE AdjInc[] 
 []


Overfull \hbox (27.74675pt too wide) in paragraph at lines 172--172
[]\OT1/cmtt/m/n/10 ##  [1,] 2004     11  59   2  100     13      10       2   6
0000  75000[] 
 []


Overfull \hbox (27.74675pt too wide) in paragraph at lines 172--172
[]\OT1/cmtt/m/n/10 ##  [2,] 2004     11  49   1  100     10      10      20   3
2000  40000[] 
 []


Overfull \hbox (27.74675pt too wide) in paragraph at lines 172--172
[]\OT1/cmtt/m/n/10 ##  [3,] 2004     11  42   2  100     15      10      40   3
0000  37500[] 
 []


Overfull \hbox (27.74675pt too wide) in paragraph at lines 172--172
[]\OT1/cmtt/m/n/10 ##  [4,] 2004     11  68   2  100     15      10      20   1
8000  22500[] 
 []


Overfull \hbox (27.74675pt too wide) in paragraph at lines 172--172
[]\OT1/cmtt/m/n/10 ##  [5,] 2004     11  42   2  100     10      10      24   3
0000  37500[] 
 []


Overfull \hbox (27.74675pt too wide) in paragraph at lines 172--172
[]\OT1/cmtt/m/n/10 ##  [6,] 2004     11  45   1  100     13      10      33   5
0000  62500[] 
 []


Overfull \hbox (27.74675pt too wide) in paragraph at lines 172--172
[]\OT1/cmtt/m/n/10 ##  [7,] 2004     11  20   1  100     10      30       0   1
5000  18750[] 
 []


Overfull \hbox (27.74675pt too wide) in paragraph at lines 172--172
[]\OT1/cmtt/m/n/10 ##  [8,] 2004     11  19   1  100     10      10      44   1
8000  22500[] 
 []


Overfull \hbox (27.74675pt too wide) in paragraph at lines 172--172
[]\OT1/cmtt/m/n/10 ##  [9,] 2004     11  18   2  100      8      10      20   1
0000  12500[] 
 []


Overfull \hbox (27.74675pt too wide) in paragraph at lines 172--172
[]\OT1/cmtt/m/n/10 ## [10,] 2004     11  59   2  100      8      10      25   2
0285  25356[] 
 []


Overfull \hbox (27.74675pt too wide) in paragraph at lines 172--172
[]\OT1/cmtt/m/n/10 ## [11,] 2004     11  74   1  100     15      10      26   1
9000  23750[] 
 []


Overfull \hbox (27.74675pt too wide) in paragraph at lines 172--172
[]\OT1/cmtt/m/n/10 ## [12,] 2004     11  73   2  100     14      10      32   2
4250  30312[] 
 []


Overfull \hbox (27.74675pt too wide) in paragraph at lines 172--172
[]\OT1/cmtt/m/n/10 ## [13,] 2004     11  71   2  802     11      32       0    
5270   6588[] 
 []


Overfull \hbox (27.74675pt too wide) in paragraph at lines 172--172
[]\OT1/cmtt/m/n/10 ## [14,] 2004     11  47   2  802     17      10      30   2
0900  26125[] 
 []


Overfull \hbox (27.74675pt too wide) in paragraph at lines 172--172
[]\OT1/cmtt/m/n/10 ## [15,] 2004     11  36   1  100     10      10      19   2
6048  32560[] 
 []


Overfull \hbox (27.74675pt too wide) in paragraph at lines 172--172
[]\OT1/cmtt/m/n/10 ## [16,] 2014     42  58   1  651     11      10      40   5
0000  50000[] 
 []


Overfull \hbox (27.74675pt too wide) in paragraph at lines 172--172
[]\OT1/cmtt/m/n/10 ## [17,] 2014     42  30   2  652     16      10      40   2
5000  25000[] 
 []


Overfull \hbox (27.74675pt too wide) in paragraph at lines 172--172
[]\OT1/cmtt/m/n/10 ## [18,] 2014     42  30   1  652     13      12       0    
5000   5000[] 
 []


Overfull \hbox (27.74675pt too wide) in paragraph at lines 172--172
[]\OT1/cmtt/m/n/10 ## [19,] 2014     42  48   1  651     10      10      50   4
3160  43160[] 
 []


Overfull \hbox (27.74675pt too wide) in paragraph at lines 172--172
[]\OT1/cmtt/m/n/10 ## [20,] 2014     42  42   2  651     10      10      80   5
5120  55120[] 
 []


Overfull \hbox (27.74675pt too wide) in paragraph at lines 172--172
[]\OT1/cmtt/m/n/10 ## [21,] 2014     42  35   1  802     10      10      40   2
4000  24000[] 
 []


Overfull \hbox (27.74675pt too wide) in paragraph at lines 172--172
[]\OT1/cmtt/m/n/10 ## [22,] 2014     42  50   1  804     10      10      40   1
4000  14000[] 
 []


Overfull \hbox (27.74675pt too wide) in paragraph at lines 172--172
[]\OT1/cmtt/m/n/10 ## [23,] 2014     42  39   1  651     15      10      40   2
7000  27000[] 
 []


Overfull \hbox (27.74675pt too wide) in paragraph at lines 172--172
[]\OT1/cmtt/m/n/10 ## [24,] 2014     42  26   1  651     10      10      15   1
8000  18000[] 
 []


Overfull \hbox (27.74675pt too wide) in paragraph at lines 172--172
[]\OT1/cmtt/m/n/10 ## [25,] 2014     42  24   2  651     17      10      40   6
0000  60000[] 
 []


Overfull \hbox (27.74675pt too wide) in paragraph at lines 172--172
[]\OT1/cmtt/m/n/10 ## [26,] 2014     42  26   1  652     10      10      32   3
9000  39000[] 
 []


Overfull \hbox (27.74675pt too wide) in paragraph at lines 172--172
[]\OT1/cmtt/m/n/10 ## [27,] 2014     42  20   1  652     10      30       0    
3480   3480[] 
 []


Overfull \hbox (27.74675pt too wide) in paragraph at lines 172--172
[]\OT1/cmtt/m/n/10 ## [28,] 2014     42  36   2  100     13      21       0   5
5300  55300[] 
 []


Overfull \hbox (27.74675pt too wide) in paragraph at lines 172--172
[]\OT1/cmtt/m/n/10 ## [29,] 2014     42  47   1  807     10      32       0   3
5000  35000[] 
 []


Overfull \hbox (27.74675pt too wide) in paragraph at lines 172--172
[]\OT1/cmtt/m/n/10 ## [30,] 2014     42  21   2  807     11      10      19   1
0300  10300[] 
 []

[1

{/usr/local/texlive/2014/texmf-var/fonts/map/pdftex/updmap/pdftex.map}]
[2]
Overfull \hbox (175.41953pt too wide) in paragraph at lines 176--177
\OT1/cmr/m/n/10 1\OML/cmm/m/it/10 :\OT1/cmr/m/n/10 25\OML/cmm/m/it/10 in\OT1/cm
r/m/n/10 2014\OML/cmm/m/it/10 :Therefore; toadjust\OT1/cmr/m/n/10 2004\OML/cmm/
m/it/10 incometoits\OT1/cmr/m/n/10 2014\OML/cmm/m/it/10 equivalent; Iwroteafunc
tionthatmultipliedall\OT1/cmr/m/n/10 2004\OML/cmm/m/it/10 incomesby$\OT1/cmr/m/
n/10 1.25. 
 []

Package color Info: Redefining color shadecolor on input line 181.

Overfull \hbox (39.98277pt too wide) in paragraph at lines 198--198
[]  []\OT1/cmtt/m/it/10 ## return(datamatrix) Commenting out so it doesn^^Mt ac
tually return this[][] 
 []


Overfull \hbox (27.74675pt too wide) in paragraph at lines 268--268
[]\OT1/cmtt/m/n/10 ##       YEAR REGION AGE SEX RACE EDUC99 EMPSTAT HRSWORK INC
WAGE AdjInc[] 
 []


Overfull \hbox (27.74675pt too wide) in paragraph at lines 268--268
[]\OT1/cmtt/m/n/10 ##  [1,] 2004     11  59   2  100     13      10       2   6
0000  75000[] 
 []


Overfull \hbox (27.74675pt too wide) in paragraph at lines 268--268
[]\OT1/cmtt/m/n/10 ##  [2,] 2004     11  49   1  100     10      10      20   3
2000  40000[] 
 []


Overfull \hbox (27.74675pt too wide) in paragraph at lines 268--268
[]\OT1/cmtt/m/n/10 ##  [3,] 2004     11  42   2  100     15      10      40   3
0000  37500[] 
 []


Overfull \hbox (27.74675pt too wide) in paragraph at lines 268--268
[]\OT1/cmtt/m/n/10 ##  [4,] 2004     11  68   2  100     15      10      20   1
8000  22500[] 
 []


Overfull \hbox (27.74675pt too wide) in paragraph at lines 268--268
[]\OT1/cmtt/m/n/10 ##  [5,] 2004     11  42   2  100     10      10      24   3
0000  37500[] 
 []


Overfull \hbox (27.74675pt too wide) in paragraph at lines 268--268
[]\OT1/cmtt/m/n/10 ##  [6,] 2004     11  45   1  100     13      10      33   5
0000  62500[] 
 []


Overfull \hbox (27.74675pt too wide) in paragraph at lines 268--268
[]\OT1/cmtt/m/n/10 ##  [7,] 2004     11  20   1  100     10      30       0   1
5000  18750[] 
 []


Overfull \hbox (27.74675pt too wide) in paragraph at lines 268--268
[]\OT1/cmtt/m/n/10 ##  [8,] 2004     11  19   1  100     10      10      44   1
8000  22500[] 
 []


Overfull \hbox (27.74675pt too wide) in paragraph at lines 268--268
[]\OT1/cmtt/m/n/10 ##  [9,] 2004     11  18   2  100      8      10      20   1
0000  12500[] 
 []


Overfull \hbox (27.74675pt too wide) in paragraph at lines 268--268
[]\OT1/cmtt/m/n/10 ## [10,] 2004     11  59   2  100      8      10      25   2
0285  25356[] 
 []


Overfull \hbox (27.74675pt too wide) in paragraph at lines 268--268
[]\OT1/cmtt/m/n/10 ## [11,] 2004     11  74   1  100     15      10      26   1
9000  23750[] 
 []


Overfull \hbox (27.74675pt too wide) in paragraph at lines 268--268
[]\OT1/cmtt/m/n/10 ## [12,] 2004     11  73   2  100     14      10      32   2
4250  30312[] 
 []


Overfull \hbox (27.74675pt too wide) in paragraph at lines 268--268
[]\OT1/cmtt/m/n/10 ## [13,] 2004     11  71   2  802     11      32       0    
5270   6588[] 
 []


Overfull \hbox (27.74675pt too wide) in paragraph at lines 268--268
[]\OT1/cmtt/m/n/10 ## [14,] 2004     11  47   2  802     17      10      30   2
0900  26125[] 
 []


Overfull \hbox (27.74675pt too wide) in paragraph at lines 268--268
[]\OT1/cmtt/m/n/10 ## [15,] 2004     11  36   1  100     10      10      19   2
6048  32560[] 
 []


Overfull \hbox (27.74675pt too wide) in paragraph at lines 268--268
[]\OT1/cmtt/m/n/10 ## [16,] 2014     42  58   1  651     11      10      40   5
0000  50000[] 
 []


Overfull \hbox (27.74675pt too wide) in paragraph at lines 268--268
[]\OT1/cmtt/m/n/10 ## [17,] 2014     42  30   2  652     16      10      40   2
5000  25000[] 
 []


Overfull \hbox (27.74675pt too wide) in paragraph at lines 268--268
[]\OT1/cmtt/m/n/10 ## [18,] 2014     42  30   1  652     13      12       0    
5000   5000[] 
 []


Overfull \hbox (27.74675pt too wide) in paragraph at lines 268--268
[]\OT1/cmtt/m/n/10 ## [19,] 2014     42  48   1  651     10      10      50   4
3160  43160[] 
 []


Overfull \hbox (27.74675pt too wide) in paragraph at lines 268--268
[]\OT1/cmtt/m/n/10 ## [20,] 2014     42  42   2  651     10      10      80   5
5120  55120[] 
 []


Overfull \hbox (27.74675pt too wide) in paragraph at lines 268--268
[]\OT1/cmtt/m/n/10 ## [21,] 2014     42  35   1  802     10      10      40   2
4000  24000[] 
 []


Overfull \hbox (27.74675pt too wide) in paragraph at lines 268--268
[]\OT1/cmtt/m/n/10 ## [22,] 2014     42  50   1  804     10      10      40   1
4000  14000[] 
 []


Overfull \hbox (27.74675pt too wide) in paragraph at lines 268--268
[]\OT1/cmtt/m/n/10 ## [23,] 2014     42  39   1  651     15      10      40   2
7000  27000[] 
 []


Overfull \hbox (27.74675pt too wide) in paragraph at lines 268--268
[]\OT1/cmtt/m/n/10 ## [24,] 2014     42  26   1  651     10      10      15   1
8000  18000[] 
 []


Overfull \hbox (27.74675pt too wide) in paragraph at lines 268--268
[]\OT1/cmtt/m/n/10 ## [25,] 2014     42  24   2  651     17      10      40   6
0000  60000[] 
 []


Overfull \hbox (27.74675pt too wide) in paragraph at lines 268--268
[]\OT1/cmtt/m/n/10 ## [26,] 2014     42  26   1  652     10      10      32   3
9000  39000[] 
 []


Overfull \hbox (27.74675pt too wide) in paragraph at lines 268--268
[]\OT1/cmtt/m/n/10 ## [27,] 2014     42  20   1  652     10      30       0    
3480   3480[] 
 []


Overfull \hbox (27.74675pt too wide) in paragraph at lines 268--268
[]\OT1/cmtt/m/n/10 ## [28,] 2014     42  36   2  100     13      21       0   5
5300  55300[] 
 []


Overfull \hbox (27.74675pt too wide) in paragraph at lines 268--268
[]\OT1/cmtt/m/n/10 ## [29,] 2014     42  47   1  807     10      32       0   3
5000  35000[] 
 []


Overfull \hbox (27.74675pt too wide) in paragraph at lines 268--268
[]\OT1/cmtt/m/n/10 ## [30,] 2014     42  21   2  807     11      10      19   1
0300  10300[] 
 []

[3] [4]
Package color Info: Redefining color shadecolor on input line 275.

Overfull \hbox (39.98277pt too wide) in paragraph at lines 404--404
[]  []\OT1/cmtt/m/it/10 ## return(datamatrix) Commenting out so it doesn^^Mt ac
tually return this[][] 
 []


Overfull \hbox (27.74675pt too wide) in paragraph at lines 474--474
[]\OT1/cmtt/m/n/10 ##       YEAR REGION AGE SEX RACE EDUC99 EMPSTAT HRSWORK INC
WAGE AdjInc[] 
 []


Overfull \hbox (27.74675pt too wide) in paragraph at lines 474--474
[]\OT1/cmtt/m/n/10 ##  [1,] 2004     11  59   2  100     13      10       2   6
0000  75000[] 
 []


Overfull \hbox (27.74675pt too wide) in paragraph at lines 474--474
[]\OT1/cmtt/m/n/10 ##  [2,] 2004     11  49   1  100     10      10      20   3
2000  40000[] 
 []


Overfull \hbox (27.74675pt too wide) in paragraph at lines 474--474
[]\OT1/cmtt/m/n/10 ##  [3,] 2004     11  42   2  100     15      10      40   3
0000  37500[] 
 []


Overfull \hbox (27.74675pt too wide) in paragraph at lines 474--474
[]\OT1/cmtt/m/n/10 ##  [4,] 2004     11  68   2  100     15      10      20   1
8000  22500[] 
 []


Overfull \hbox (27.74675pt too wide) in paragraph at lines 474--474
[]\OT1/cmtt/m/n/10 ##  [5,] 2004     11  42   2  100     10      10      24   3
0000  37500[] 
 []


Overfull \hbox (27.74675pt too wide) in paragraph at lines 474--474
[]\OT1/cmtt/m/n/10 ##  [6,] 2004     11  45   1  100     13      10      33   5
0000  62500[] 
 []


Overfull \hbox (27.74675pt too wide) in paragraph at lines 474--474
[]\OT1/cmtt/m/n/10 ##  [7,] 2004     11  20   1  100     10      30       0   1
5000  18750[] 
 []


Overfull \hbox (27.74675pt too wide) in paragraph at lines 474--474
[]\OT1/cmtt/m/n/10 ##  [8,] 2004     11  19   1  100     10      10      44   1
8000  22500[] 
 []


Overfull \hbox (27.74675pt too wide) in paragraph at lines 474--474
[]\OT1/cmtt/m/n/10 ##  [9,] 2004     11  18   2  100      8      10      20   1
0000  12500[] 
 []


Overfull \hbox (27.74675pt too wide) in paragraph at lines 474--474
[]\OT1/cmtt/m/n/10 ## [10,] 2004     11  59   2  100      8      10      25   2
0285  25356[] 
 []


Overfull \hbox (27.74675pt too wide) in paragraph at lines 474--474
[]\OT1/cmtt/m/n/10 ## [11,] 2004     11  74   1  100     15      10      26   1
9000  23750[] 
 []


Overfull \hbox (27.74675pt too wide) in paragraph at lines 474--474
[]\OT1/cmtt/m/n/10 ## [12,] 2004     11  73   2  100     14      10      32   2
4250  30312[] 
 []


Overfull \hbox (27.74675pt too wide) in paragraph at lines 474--474
[]\OT1/cmtt/m/n/10 ## [13,] 2004     11  71   2  802     11      32       0    
5270   6588[] 
 []


Overfull \hbox (27.74675pt too wide) in paragraph at lines 474--474
[]\OT1/cmtt/m/n/10 ## [14,] 2004     11  47   2  802     17      10      30   2
0900  26125[] 
 []


Overfull \hbox (27.74675pt too wide) in paragraph at lines 474--474
[]\OT1/cmtt/m/n/10 ## [15,] 2004     11  36   1  100     10      10      19   2
6048  32560[] 
 []


Overfull \hbox (27.74675pt too wide) in paragraph at lines 474--474
[]\OT1/cmtt/m/n/10 ## [16,] 2014     42  58   1  651     11      10      40   5
0000  50000[] 
 []


Overfull \hbox (27.74675pt too wide) in paragraph at lines 474--474
[]\OT1/cmtt/m/n/10 ## [17,] 2014     42  30   2  652     16      10      40   2
5000  25000[] 
 []


Overfull \hbox (27.74675pt too wide) in paragraph at lines 474--474
[]\OT1/cmtt/m/n/10 ## [18,] 2014     42  30   1  652     13      12       0    
5000   5000[] 
 []


Overfull \hbox (27.74675pt too wide) in paragraph at lines 474--474
[]\OT1/cmtt/m/n/10 ## [19,] 2014     42  48   1  651     10      10      50   4
3160  43160[] 
 []


Overfull \hbox (27.74675pt too wide) in paragraph at lines 474--474
[]\OT1/cmtt/m/n/10 ## [20,] 2014     42  42   2  651     10      10      80   5
5120  55120[] 
 []


Overfull \hbox (27.74675pt too wide) in paragraph at lines 474--474
[]\OT1/cmtt/m/n/10 ## [21,] 2014     42  35   1  802     10      10      40   2
4000  24000[] 
 []


Overfull \hbox (27.74675pt too wide) in paragraph at lines 474--474
[]\OT1/cmtt/m/n/10 ## [22,] 2014     42  50   1  804     10      10      40   1
4000  14000[] 
 []


Overfull \hbox (27.74675pt too wide) in paragraph at lines 474--474
[]\OT1/cmtt/m/n/10 ## [23,] 2014     42  39   1  651     15      10      40   2
7000  27000[] 
 []


Overfull \hbox (27.74675pt too wide) in paragraph at lines 474--474
[]\OT1/cmtt/m/n/10 ## [24,] 2014     42  26   1  651     10      10      15   1
8000  18000[] 
 []


Overfull \hbox (27.74675pt too wide) in paragraph at lines 474--474
[]\OT1/cmtt/m/n/10 ## [25,] 2014     42  24   2  651     17      10      40   6
0000  60000[] 
 []


Overfull \hbox (27.74675pt too wide) in paragraph at lines 474--474
[]\OT1/cmtt/m/n/10 ## [26,] 2014     42  26   1  652     10      10      32   3
9000  39000[] 
 []


Overfull \hbox (27.74675pt too wide) in paragraph at lines 474--474
[]\OT1/cmtt/m/n/10 ## [27,] 2014     42  20   1  652     10      30       0    
3480   3480[] 
 []


Overfull \hbox (27.74675pt too wide) in paragraph at lines 474--474
[]\OT1/cmtt/m/n/10 ## [28,] 2014     42  36   2  100     13      21       0   5
5300  55300[] 
 []


Overfull \hbox (27.74675pt too wide) in paragraph at lines 474--474
[]\OT1/cmtt/m/n/10 ## [29,] 2014     42  47   1  807     10      32       0   3
5000  35000[] 
 []


Overfull \hbox (27.74675pt too wide) in paragraph at lines 474--474
[]\OT1/cmtt/m/n/10 ## [30,] 2014     42  21   2  807     11      10      19   1
0300  10300[] 
 []

[5]
Underfull \vbox (badness 10000) detected at line 475
 []


Underfull \vbox (badness 10000) detected at line 475
 []

[6]
Underfull \vbox (badness 10000) detected at line 475
 []


Underfull \vbox (badness 10000) detected at line 475
 []

[7] [8]
Underfull \vbox (badness 10000) detected at line 475
 []


Underfull \vbox (badness 10000) detected at line 475
 []

[9]
Package color Info: Redefining color shadecolor on input line 481.
 [10] (./Problem_Set_4_Beginnings.aux) ) 
Here is how much of TeX's memory you used:
 2774 strings out of 493117
 40264 string characters out of 6135433
 150547 words of memory out of 5000000
 6207 multiletter control sequences out of 15000+600000
 5640 words of font info for 22 fonts, out of 8000000 for 9000
 1141 hyphenation exceptions out of 8191
 38i,5n,23p,377b,283s stack positions out of 5000i,500n,10000p,200000b,80000s
</usr/local/texlive/2014/texmf-dist/fon
ts/type1/public/amsfonts/cm/cmbx12.pfb></usr/local/texlive/2014/texmf-dist/font
s/type1/public/amsfonts/cm/cmitt10.pfb></usr/local/texlive/2014/texmf-dist/font
s/type1/public/amsfonts/cm/cmmi10.pfb></usr/local/texlive/2014/texmf-dist/fonts
/type1/public/amsfonts/cm/cmr10.pfb></usr/local/texlive/2014/texmf-dist/fonts/t
ype1/public/amsfonts/cm/cmsy10.pfb></usr/local/texlive/2014/texmf-dist/fonts/ty
pe1/public/amsfonts/cm/cmtt10.pfb>
Output written on Problem_Set_4_Beginnings.pdf (10 pages, 94248 bytes).
PDF statistics:
 61 PDF objects out of 1000 (max. 8388607)
 42 compressed objects within 1 object stream
 0 named destinations out of 1000 (max. 500000)
 1 words of extra memory for PDF output out of 10000 (max. 10000000)

